<?xml version="1.0" encoding="UTF-8"?>
<coverage generated="1750103629641" clover="3.2.0">
  <project timestamp="1750103629641" name="All files">
    <metrics statements="108" coveredstatements="100" conditionals="26" coveredconditionals="21" methods="48" coveredmethods="43" elements="182" coveredelements="164" complexity="0" loc="108" ncloc="108" packages="8" files="8" classes="8"/>
    <package name="src">
      <metrics statements="8" coveredstatements="7" conditionals="2" coveredconditionals="2" methods="3" coveredmethods="2"/>
      <file name="App.js" path="D:\Projects\mini-job-board\mini-job-board\src\App.js">
        <metrics statements="8" coveredstatements="7" conditionals="2" coveredconditionals="2" methods="3" coveredmethods="2"/>
        <line num="12" count="8" type="stmt"/>
        <line num="15" count="7" type="stmt"/>
        <line num="16" count="7" type="stmt"/>
        <line num="18" count="7" type="stmt"/>
        <line num="19" count="1" type="stmt"/>
        <line num="22" count="7" type="stmt"/>
        <line num="23" count="0" type="stmt"/>
        <line num="26" count="7" type="stmt"/>
      </file>
    </package>
    <package name="src.components.JobCard">
      <metrics statements="6" coveredstatements="6" conditionals="0" coveredconditionals="0" methods="3" coveredmethods="3"/>
      <file name="JobCard.js" path="D:\Projects\mini-job-board\mini-job-board\src\components\JobCard\JobCard.js">
        <metrics statements="6" coveredstatements="6" conditionals="0" coveredconditionals="0" methods="3" coveredmethods="3"/>
        <line num="4" count="3" type="stmt"/>
        <line num="5" count="37" type="stmt"/>
        <line num="6" count="37" type="stmt"/>
        <line num="7" count="37" type="stmt"/>
        <line num="10" count="37" type="stmt"/>
        <line num="11" count="3" type="stmt"/>
      </file>
    </package>
    <package name="src.components.JobDetails">
      <metrics statements="7" coveredstatements="7" conditionals="2" coveredconditionals="2" methods="3" coveredmethods="3"/>
      <file name="JobDetail.js" path="D:\Projects\mini-job-board\mini-job-board\src\components\JobDetails\JobDetail.js">
        <metrics statements="7" coveredstatements="7" conditionals="2" coveredconditionals="2" methods="3" coveredmethods="3"/>
        <line num="4" count="2" type="stmt"/>
        <line num="5" count="5" type="cond" truecount="2" falsecount="0"/>
        <line num="7" count="4" type="stmt"/>
        <line num="8" count="4" type="stmt"/>
        <line num="9" count="4" type="stmt"/>
        <line num="12" count="4" type="stmt"/>
        <line num="37" count="6" type="stmt"/>
      </file>
    </package>
    <package name="src.components.JobList">
      <metrics statements="47" coveredstatements="40" conditionals="20" coveredconditionals="15" methods="19" coveredmethods="16"/>
      <file name="JobList.js" path="D:\Projects\mini-job-board\mini-job-board\src\components\JobList\JobList.js">
        <metrics statements="47" coveredstatements="40" conditionals="20" coveredconditionals="15" methods="19" coveredmethods="16"/>
        <line num="7" count="2" type="stmt"/>
        <line num="8" count="34" type="stmt"/>
        <line num="9" count="47" type="stmt"/>
        <line num="10" count="34" type="stmt"/>
        <line num="11" count="34" type="stmt"/>
        <line num="12" count="34" type="stmt"/>
        <line num="15" count="34" type="stmt"/>
        <line num="17" count="34" type="stmt"/>
        <line num="18" count="13" type="cond" truecount="2" falsecount="0"/>
        <line num="19" count="1" type="stmt"/>
        <line num="24" count="34" type="stmt"/>
        <line num="30" count="40" type="stmt"/>
        <line num="33" count="40" type="stmt"/>
        <line num="35" count="34" type="stmt"/>
        <line num="37" count="16" type="stmt"/>
        <line num="39" count="16" type="cond" truecount="2" falsecount="0"/>
        <line num="40" count="4" type="stmt"/>
        <line num="43" count="16" type="cond" truecount="2" falsecount="0"/>
        <line num="44" count="2" type="stmt"/>
        <line num="47" count="16" type="cond" truecount="2" falsecount="0"/>
        <line num="48" count="2" type="stmt"/>
        <line num="50" count="16" type="stmt"/>
        <line num="54" count="34" type="stmt"/>
        <line num="55" count="34" type="stmt"/>
        <line num="57" count="34" type="stmt"/>
        <line num="58" count="0" type="cond" truecount="0" falsecount="2"/>
        <line num="59" count="0" type="stmt"/>
        <line num="64" count="34" type="stmt"/>
        <line num="65" count="12" type="cond" truecount="1" falsecount="1"/>
        <line num="66" count="0" type="stmt"/>
        <line num="67" count="0" type="cond" truecount="0" falsecount="2"/>
        <line num="68" count="0" type="stmt"/>
        <line num="71" count="0" type="stmt"/>
        <line num="72" count="0" type="stmt"/>
        <line num="75" count="34" type="stmt"/>
        <line num="76" count="3" type="stmt"/>
        <line num="77" count="3" type="stmt"/>
        <line num="83" count="34" type="stmt"/>
        <line num="84" count="1" type="stmt"/>
        <line num="90" count="34" type="cond" truecount="2" falsecount="0"/>
        <line num="91" count="5" type="stmt"/>
        <line num="101" count="29" type="cond" truecount="2" falsecount="0"/>
        <line num="102" count="2" type="stmt"/>
        <line num="105" count="27" type="stmt"/>
        <line num="120" count="40" type="stmt"/>
        <line num="135" count="40" type="stmt"/>
        <line num="155" count="35" type="stmt"/>
      </file>
    </package>
    <package name="src.components.SearchBar">
      <metrics statements="9" coveredstatements="9" conditionals="2" coveredconditionals="2" methods="3" coveredmethods="3"/>
      <file name="SearchBar.js" path="D:\Projects\mini-job-board\mini-job-board\src\components\SearchBar\SearchBar.js">
        <metrics statements="9" coveredstatements="9" conditionals="2" coveredconditionals="2" methods="3" coveredmethods="3"/>
        <line num="5" count="2" type="stmt"/>
        <line num="6" count="15" type="stmt"/>
        <line num="7" count="15" type="stmt"/>
        <line num="9" count="15" type="stmt"/>
        <line num="10" count="4" type="stmt"/>
        <line num="11" count="4" type="stmt"/>
        <line num="12" count="4" type="stmt"/>
        <line num="15" count="15" type="stmt"/>
        <line num="29" count="1" type="stmt"/>
      </file>
    </package>
    <package name="src.store">
      <metrics statements="1" coveredstatements="1" conditionals="0" coveredconditionals="0" methods="0" coveredmethods="0"/>
      <file name="index.js" path="D:\Projects\mini-job-board\mini-job-board\src\store\index.js">
        <metrics statements="1" coveredstatements="1" conditionals="0" coveredconditionals="0" methods="0" coveredmethods="0"/>
        <line num="5" count="1" type="stmt"/>
      </file>
    </package>
    <package name="src.store.data">
      <metrics statements="5" coveredstatements="5" conditionals="0" coveredconditionals="0" methods="0" coveredmethods="0"/>
      <file name="jobs.js" path="D:\Projects\mini-job-board\mini-job-board\src\store\data\jobs.js">
        <metrics statements="5" coveredstatements="5" conditionals="0" coveredconditionals="0" methods="0" coveredmethods="0"/>
        <line num="1" count="6" type="stmt"/>
        <line num="141" count="6" type="stmt"/>
        <line num="142" count="6" type="stmt"/>
        <line num="143" count="552" type="stmt"/>
        <line num="144" count="552" type="stmt"/>
      </file>
    </package>
    <package name="src.store.features.jobs">
      <metrics statements="25" coveredstatements="25" conditionals="0" coveredconditionals="0" methods="17" coveredmethods="16"/>
      <file name="jobsSlice.js" path="D:\Projects\mini-job-board\mini-job-board\src\store\features\jobs\jobsSlice.js">
        <metrics statements="25" coveredstatements="25" conditionals="0" coveredconditionals="0" methods="17" coveredmethods="16"/>
        <line num="5" count="5" type="stmt"/>
        <line num="7" count="1" type="stmt"/>
        <line num="8" count="1" type="stmt"/>
        <line num="12" count="5" type="stmt"/>
        <line num="21" count="5" type="stmt"/>
        <line num="27" count="2" type="stmt"/>
        <line num="28" count="2" type="stmt"/>
        <line num="29" count="2" type="stmt"/>
        <line num="32" count="1" type="stmt"/>
        <line num="35" count="5" type="stmt"/>
        <line num="36" count="5" type="stmt"/>
        <line num="39" count="1" type="stmt"/>
        <line num="42" count="1" type="stmt"/>
        <line num="46" count="5" type="stmt"/>
        <line num="48" count="2" type="stmt"/>
        <line num="51" count="1" type="stmt"/>
        <line num="52" count="1" type="stmt"/>
        <line num="55" count="1" type="stmt"/>
        <line num="56" count="1" type="stmt"/>
        <line num="61" count="5" type="stmt"/>
        <line num="64" count="10" type="stmt"/>
        <line num="65" count="35" type="stmt"/>
        <line num="66" count="5" type="stmt"/>
        <line num="67" count="26" type="stmt"/>
        <line num="68" count="26" type="stmt"/>
      </file>
    </package>
  </project>
</coverage>
