{"D:\\Projects\\mini-job-board\\mini-job-board\\src\\App.js": {"path":"D:\\Projects\\mini-job-board\\mini-job-board\\src\\App.js","statementMap":{"0":{"start":{"line":12,"column":40},"end":{"line":12,"column":54}},"1":{"start":{"line":15,"column":19},"end":{"line":15,"column":45}},"2":{"start":{"line":16,"column":21},"end":{"line":16,"column":50}},"3":{"start":{"line":18,"column":25},"end":{"line":20,"column":3}},"4":{"start":{"line":19,"column":4},"end":{"line":19,"column":24}},"5":{"start":{"line":22,"column":27},"end":{"line":24,"column":3}},"6":{"start":{"line":23,"column":4},"end":{"line":23,"column":25}},"7":{"start":{"line":26,"column":2},"end":{"line":40,"column":4}}},"fnMap":{"0":{"name":"App","decl":{"start":{"line":11,"column":9},"end":{"line":11,"column":12}},"loc":{"start":{"line":11,"column":15},"end":{"line":41,"column":1}},"line":11},"1":{"name":"(anonymous_1)","decl":{"start":{"line":18,"column":25},"end":{"line":18,"column":26}},"loc":{"start":{"line":18,"column":34},"end":{"line":20,"column":3}},"line":18},"2":{"name":"(anonymous_2)","decl":{"start":{"line":22,"column":27},"end":{"line":22,"column":28}},"loc":{"start":{"line":22,"column":33},"end":{"line":24,"column":3}},"line":22}},"branchMap":{"0":{"loc":{"start":{"line":36,"column":7},"end":{"line":38,"column":7}},"type":"binary-expr","locations":[{"start":{"line":36,"column":7},"end":{"line":36,"column":18}},{"start":{"line":37,"column":8},"end":{"line":37,"column":66}}],"line":36}},"s":{"0":8,"1":7,"2":7,"3":7,"4":1,"5":7,"6":0,"7":7},"f":{"0":8,"1":1,"2":0},"b":{"0":[7,2]},"_coverageSchema":"1a1c01bbd47fc00a2c39e90264f33305004495a9","hash":"75845bcb131420e4ffae7fd82b44598a3c282322"}
,"D:\\Projects\\mini-job-board\\mini-job-board\\src\\components\\JobCard\\JobCard.js": {"path":"D:\\Projects\\mini-job-board\\mini-job-board\\src\\components\\JobCard\\JobCard.js","statementMap":{"0":{"start":{"line":4,"column":16},"end":{"line":21,"column":1}},"1":{"start":{"line":5,"column":21},"end":{"line":8,"column":3}},"2":{"start":{"line":6,"column":20},"end":{"line":6,"column":71}},"3":{"start":{"line":7,"column":4},"end":{"line":7,"column":71}},"4":{"start":{"line":10,"column":2},"end":{"line":20,"column":4}},"5":{"start":{"line":11,"column":45},"end":{"line":11,"column":57}}},"fnMap":{"0":{"name":"(anonymous_0)","decl":{"start":{"line":4,"column":16},"end":{"line":4,"column":17}},"loc":{"start":{"line":4,"column":38},"end":{"line":21,"column":1}},"line":4},"1":{"name":"(anonymous_1)","decl":{"start":{"line":5,"column":21},"end":{"line":5,"column":22}},"loc":{"start":{"line":5,"column":37},"end":{"line":8,"column":3}},"line":5},"2":{"name":"(anonymous_2)","decl":{"start":{"line":11,"column":39},"end":{"line":11,"column":40}},"loc":{"start":{"line":11,"column":45},"end":{"line":11,"column":57}},"line":11}},"branchMap":{},"s":{"0":3,"1":37,"2":37,"3":37,"4":37,"5":3},"f":{"0":37,"1":37,"2":3},"b":{},"_coverageSchema":"1a1c01bbd47fc00a2c39e90264f33305004495a9","hash":"3a724453ef4270c5e5c6f1b884fb0c48e0167efa"}
,"D:\\Projects\\mini-job-board\\mini-job-board\\src\\components\\JobDetails\\JobDetail.js": {"path":"D:\\Projects\\mini-job-board\\mini-job-board\\src\\components\\JobDetails\\JobDetail.js","statementMap":{"0":{"start":{"line":4,"column":18},"end":{"line":55,"column":1}},"1":{"start":{"line":5,"column":2},"end":{"line":5,"column":24}},"2":{"start":{"line":5,"column":12},"end":{"line":5,"column":24}},"3":{"start":{"line":7,"column":21},"end":{"line":10,"column":3}},"4":{"start":{"line":8,"column":20},"end":{"line":8,"column":71}},"5":{"start":{"line":9,"column":4},"end":{"line":9,"column":71}},"6":{"start":{"line":12,"column":2},"end":{"line":54,"column":4}},"7":{"start":{"line":37,"column":14},"end":{"line":37,"column":40}}},"fnMap":{"0":{"name":"(anonymous_0)","decl":{"start":{"line":4,"column":18},"end":{"line":4,"column":19}},"loc":{"start":{"line":4,"column":40},"end":{"line":55,"column":1}},"line":4},"1":{"name":"(anonymous_1)","decl":{"start":{"line":7,"column":21},"end":{"line":7,"column":22}},"loc":{"start":{"line":7,"column":37},"end":{"line":10,"column":3}},"line":7},"2":{"name":"(anonymous_2)","decl":{"start":{"line":36,"column":34},"end":{"line":36,"column":35}},"loc":{"start":{"line":37,"column":14},"end":{"line":37,"column":40}},"line":37}},"branchMap":{"0":{"loc":{"start":{"line":5,"column":2},"end":{"line":5,"column":24}},"type":"if","locations":[{"start":{"line":5,"column":2},"end":{"line":5,"column":24}},{"start":{},"end":{}}],"line":5}},"s":{"0":2,"1":5,"2":1,"3":4,"4":4,"5":4,"6":4,"7":6},"f":{"0":5,"1":4,"2":6},"b":{"0":[1,4]},"_coverageSchema":"1a1c01bbd47fc00a2c39e90264f33305004495a9","hash":"59ecff03a8fe84054011cb4e0f4486ce201fd25f"}
,"D:\\Projects\\mini-job-board\\mini-job-board\\src\\components\\JobList\\JobList.js": {"path":"D:\\Projects\\mini-job-board\\mini-job-board\\src\\components\\JobList\\JobList.js","statementMap":{"0":{"start":{"line":7,"column":16},"end":{"line":161,"column":1}},"1":{"start":{"line":8,"column":19},"end":{"line":8,"column":32}},"2":{"start":{"line":9,"column":22},"end":{"line":9,"column":66}},"3":{"start":{"line":9,"column":43},"end":{"line":9,"column":65}},"4":{"start":{"line":10,"column":17},"end":{"line":10,"column":46}},"5":{"start":{"line":11,"column":22},"end":{"line":11,"column":52}},"6":{"start":{"line":12,"column":23},"end":{"line":12,"column":54}},"7":{"start":{"line":15,"column":42},"end":{"line":15,"column":56}},"8":{"start":{"line":17,"column":2},"end":{"line":21,"column":25}},"9":{"start":{"line":18,"column":4},"end":{"line":20,"column":5}},"10":{"start":{"line":19,"column":6},"end":{"line":19,"column":28}},"11":{"start":{"line":24,"column":32},"end":{"line":27,"column":4}},"12":{"start":{"line":30,"column":20},"end":{"line":30,"column":62}},"13":{"start":{"line":30,"column":48},"end":{"line":30,"column":59}},"14":{"start":{"line":33,"column":19},"end":{"line":33,"column":58}},"15":{"start":{"line":33,"column":47},"end":{"line":33,"column":55}},"16":{"start":{"line":35,"column":2},"end":{"line":51,"column":35}},"17":{"start":{"line":37,"column":17},"end":{"line":37,"column":26}},"18":{"start":{"line":39,"column":4},"end":{"line":41,"column":5}},"19":{"start":{"line":40,"column":6},"end":{"line":40,"column":69}},"20":{"start":{"line":40,"column":36},"end":{"line":40,"column":67}},"21":{"start":{"line":43,"column":4},"end":{"line":45,"column":5}},"22":{"start":{"line":44,"column":6},"end":{"line":44,"column":63}},"23":{"start":{"line":44,"column":36},"end":{"line":44,"column":61}},"24":{"start":{"line":47,"column":4},"end":{"line":49,"column":5}},"25":{"start":{"line":48,"column":6},"end":{"line":48,"column":97}},"26":{"start":{"line":48,"column":36},"end":{"line":48,"column":95}},"27":{"start":{"line":50,"column":8},"end":{"line":50,"column":32}},"28":{"start":{"line":54,"column":22},"end":{"line":54,"column":71}},"29":{"start":{"line":55,"column":18},"end":{"line":55,"column":58}},"30":{"start":{"line":57,"column":23},"end":{"line":61,"column":3}},"31":{"start":{"line":58,"column":4},"end":{"line":60,"column":5}},"32":{"start":{"line":59,"column":6},"end":{"line":59,"column":32}},"33":{"start":{"line":64,"column":2},"end":{"line":73,"column":16}},"34":{"start":{"line":65,"column":4},"end":{"line":65,"column":25}},"35":{"start":{"line":65,"column":18},"end":{"line":65,"column":25}},"36":{"start":{"line":66,"column":25},"end":{"line":70,"column":5}},"37":{"start":{"line":67,"column":6},"end":{"line":69,"column":7}},"38":{"start":{"line":68,"column":8},"end":{"line":68,"column":23}},"39":{"start":{"line":71,"column":4},"end":{"line":71,"column":52}},"40":{"start":{"line":72,"column":4},"end":{"line":72,"column":68}},"41":{"start":{"line":72,"column":17},"end":{"line":72,"column":67}},"42":{"start":{"line":75,"column":29},"end":{"line":81,"column":3}},"43":{"start":{"line":76,"column":28},"end":{"line":76,"column":36}},"44":{"start":{"line":77,"column":4},"end":{"line":80,"column":8}},"45":{"start":{"line":77,"column":31},"end":{"line":80,"column":5}},"46":{"start":{"line":83,"column":23},"end":{"line":88,"column":3}},"47":{"start":{"line":84,"column":4},"end":{"line":87,"column":7}},"48":{"start":{"line":90,"column":2},"end":{"line":99,"column":3}},"49":{"start":{"line":91,"column":4},"end":{"line":98,"column":6}},"50":{"start":{"line":101,"column":2},"end":{"line":103,"column":3}},"51":{"start":{"line":102,"column":4},"end":{"line":102,"column":81}},"52":{"start":{"line":105,"column":2},"end":{"line":160,"column":4}},"53":{"start":{"line":120,"column":16},"end":{"line":120,"column":72}},"54":{"start":{"line":135,"column":16},"end":{"line":135,"column":63}},"55":{"start":{"line":155,"column":12},"end":{"line":155,"column":67}}},"fnMap":{"0":{"name":"(anonymous_0)","decl":{"start":{"line":7,"column":16},"end":{"line":7,"column":17}},"loc":{"start":{"line":7,"column":42},"end":{"line":161,"column":1}},"line":7},"1":{"name":"(anonymous_1)","decl":{"start":{"line":9,"column":34},"end":{"line":9,"column":35}},"loc":{"start":{"line":9,"column":43},"end":{"line":9,"column":65}},"line":9},"2":{"name":"(anonymous_2)","decl":{"start":{"line":17,"column":12},"end":{"line":17,"column":13}},"loc":{"start":{"line":17,"column":18},"end":{"line":21,"column":3}},"line":17},"3":{"name":"(anonymous_3)","decl":{"start":{"line":30,"column":41},"end":{"line":30,"column":42}},"loc":{"start":{"line":30,"column":48},"end":{"line":30,"column":59}},"line":30},"4":{"name":"(anonymous_4)","decl":{"start":{"line":33,"column":40},"end":{"line":33,"column":41}},"loc":{"start":{"line":33,"column":47},"end":{"line":33,"column":55}},"line":33},"5":{"name":"(anonymous_5)","decl":{"start":{"line":35,"column":12},"end":{"line":35,"column":13}},"loc":{"start":{"line":35,"column":18},"end":{"line":51,"column":3}},"line":35},"6":{"name":"(anonymous_6)","decl":{"start":{"line":40,"column":29},"end":{"line":40,"column":30}},"loc":{"start":{"line":40,"column":36},"end":{"line":40,"column":67}},"line":40},"7":{"name":"(anonymous_7)","decl":{"start":{"line":44,"column":29},"end":{"line":44,"column":30}},"loc":{"start":{"line":44,"column":36},"end":{"line":44,"column":61}},"line":44},"8":{"name":"(anonymous_8)","decl":{"start":{"line":48,"column":29},"end":{"line":48,"column":30}},"loc":{"start":{"line":48,"column":36},"end":{"line":48,"column":95}},"line":48},"9":{"name":"(anonymous_9)","decl":{"start":{"line":57,"column":23},"end":{"line":57,"column":24}},"loc":{"start":{"line":57,"column":29},"end":{"line":61,"column":3}},"line":57},"10":{"name":"(anonymous_10)","decl":{"start":{"line":64,"column":12},"end":{"line":64,"column":13}},"loc":{"start":{"line":64,"column":18},"end":{"line":73,"column":3}},"line":64},"11":{"name":"(anonymous_11)","decl":{"start":{"line":66,"column":25},"end":{"line":66,"column":26}},"loc":{"start":{"line":66,"column":31},"end":{"line":70,"column":5}},"line":66},"12":{"name":"(anonymous_12)","decl":{"start":{"line":72,"column":11},"end":{"line":72,"column":12}},"loc":{"start":{"line":72,"column":17},"end":{"line":72,"column":67}},"line":72},"13":{"name":"(anonymous_13)","decl":{"start":{"line":75,"column":29},"end":{"line":75,"column":30}},"loc":{"start":{"line":75,"column":36},"end":{"line":81,"column":3}},"line":75},"14":{"name":"(anonymous_14)","decl":{"start":{"line":77,"column":15},"end":{"line":77,"column":16}},"loc":{"start":{"line":77,"column":31},"end":{"line":80,"column":5}},"line":77},"15":{"name":"(anonymous_15)","decl":{"start":{"line":83,"column":23},"end":{"line":83,"column":24}},"loc":{"start":{"line":83,"column":29},"end":{"line":88,"column":3}},"line":83},"16":{"name":"(anonymous_16)","decl":{"start":{"line":119,"column":29},"end":{"line":119,"column":30}},"loc":{"start":{"line":120,"column":16},"end":{"line":120,"column":72}},"line":120},"17":{"name":"(anonymous_17)","decl":{"start":{"line":134,"column":28},"end":{"line":134,"column":29}},"loc":{"start":{"line":135,"column":16},"end":{"line":135,"column":63}},"line":135},"18":{"name":"(anonymous_18)","decl":{"start":{"line":154,"column":26},"end":{"line":154,"column":27}},"loc":{"start":{"line":155,"column":12},"end":{"line":155,"column":67}},"line":155}},"branchMap":{"0":{"loc":{"start":{"line":18,"column":4},"end":{"line":20,"column":5}},"type":"if","locations":[{"start":{"line":18,"column":4},"end":{"line":20,"column":5}},{"start":{},"end":{}}],"line":18},"1":{"loc":{"start":{"line":39,"column":4},"end":{"line":41,"column":5}},"type":"if","locations":[{"start":{"line":39,"column":4},"end":{"line":41,"column":5}},{"start":{},"end":{}}],"line":39},"2":{"loc":{"start":{"line":43,"column":4},"end":{"line":45,"column":5}},"type":"if","locations":[{"start":{"line":43,"column":4},"end":{"line":45,"column":5}},{"start":{},"end":{}}],"line":43},"3":{"loc":{"start":{"line":47,"column":4},"end":{"line":49,"column":5}},"type":"if","locations":[{"start":{"line":47,"column":4},"end":{"line":49,"column":5}},{"start":{},"end":{}}],"line":47},"4":{"loc":{"start":{"line":58,"column":4},"end":{"line":60,"column":5}},"type":"if","locations":[{"start":{"line":58,"column":4},"end":{"line":60,"column":5}},{"start":{},"end":{}}],"line":58},"5":{"loc":{"start":{"line":65,"column":4},"end":{"line":65,"column":25}},"type":"if","locations":[{"start":{"line":65,"column":4},"end":{"line":65,"column":25}},{"start":{},"end":{}}],"line":65},"6":{"loc":{"start":{"line":67,"column":6},"end":{"line":69,"column":7}},"type":"if","locations":[{"start":{"line":67,"column":6},"end":{"line":69,"column":7}},{"start":{},"end":{}}],"line":67},"7":{"loc":{"start":{"line":90,"column":2},"end":{"line":99,"column":3}},"type":"if","locations":[{"start":{"line":90,"column":2},"end":{"line":99,"column":3}},{"start":{},"end":{}}],"line":90},"8":{"loc":{"start":{"line":101,"column":2},"end":{"line":103,"column":3}},"type":"if","locations":[{"start":{"line":101,"column":2},"end":{"line":103,"column":3}},{"start":{},"end":{}}],"line":101},"9":{"loc":{"start":{"line":148,"column":9},"end":{"line":157,"column":9}},"type":"cond-expr","locations":[{"start":{"line":149,"column":10},"end":{"line":152,"column":16}},{"start":{"line":154,"column":10},"end":{"line":156,"column":12}}],"line":148}},"s":{"0":2,"1":34,"2":34,"3":47,"4":34,"5":34,"6":34,"7":34,"8":34,"9":13,"10":1,"11":34,"12":34,"13":40,"14":34,"15":40,"16":34,"17":16,"18":16,"19":2,"20":4,"21":16,"22":1,"23":2,"24":16,"25":1,"26":2,"27":16,"28":34,"29":34,"30":34,"31":0,"32":0,"33":34,"34":12,"35":12,"36":0,"37":0,"38":0,"39":0,"40":0,"41":0,"42":34,"43":3,"44":3,"45":3,"46":34,"47":1,"48":34,"49":5,"50":29,"51":2,"52":27,"53":40,"54":40,"55":35},"f":{"0":34,"1":47,"2":13,"3":40,"4":40,"5":16,"6":4,"7":2,"8":2,"9":0,"10":12,"11":0,"12":0,"13":3,"14":3,"15":1,"16":40,"17":40,"18":35},"b":{"0":[1,12],"1":[2,14],"2":[1,15],"3":[1,15],"4":[0,0],"5":[12,0],"6":[0,0],"7":[5,29],"8":[2,27],"9":[5,22]},"_coverageSchema":"1a1c01bbd47fc00a2c39e90264f33305004495a9","hash":"faefb0f311f12baf818de1e13f56f8740905f90a"}
,"D:\\Projects\\mini-job-board\\mini-job-board\\src\\components\\SearchBar\\SearchBar.js": {"path":"D:\\Projects\\mini-job-board\\mini-job-board\\src\\components\\SearchBar\\SearchBar.js","statementMap":{"0":{"start":{"line":5,"column":18},"end":{"line":36,"column":1}},"1":{"start":{"line":6,"column":26},"end":{"line":6,"column":38}},"2":{"start":{"line":7,"column":19},"end":{"line":7,"column":32}},"3":{"start":{"line":9,"column":23},"end":{"line":13,"column":3}},"4":{"start":{"line":10,"column":18},"end":{"line":10,"column":32}},"5":{"start":{"line":11,"column":4},"end":{"line":11,"column":19}},"6":{"start":{"line":12,"column":4},"end":{"line":12,"column":36}},"7":{"start":{"line":15,"column":2},"end":{"line":35,"column":4}},"8":{"start":{"line":29,"column":25},"end":{"line":29,"column":64}}},"fnMap":{"0":{"name":"(anonymous_0)","decl":{"start":{"line":5,"column":18},"end":{"line":5,"column":19}},"loc":{"start":{"line":5,"column":24},"end":{"line":36,"column":1}},"line":5},"1":{"name":"(anonymous_1)","decl":{"start":{"line":9,"column":23},"end":{"line":9,"column":24}},"loc":{"start":{"line":9,"column":30},"end":{"line":13,"column":3}},"line":9},"2":{"name":"(anonymous_2)","decl":{"start":{"line":29,"column":19},"end":{"line":29,"column":20}},"loc":{"start":{"line":29,"column":25},"end":{"line":29,"column":64}},"line":29}},"branchMap":{"0":{"loc":{"start":{"line":24,"column":7},"end":{"line":33,"column":7}},"type":"binary-expr","locations":[{"start":{"line":24,"column":7},"end":{"line":24,"column":11}},{"start":{"line":25,"column":8},"end":{"line":32,"column":17}}],"line":24}},"s":{"0":2,"1":15,"2":15,"3":15,"4":4,"5":4,"6":4,"7":15,"8":1},"f":{"0":15,"1":4,"2":1},"b":{"0":[15,3]},"_coverageSchema":"1a1c01bbd47fc00a2c39e90264f33305004495a9","hash":"3c184dedcbd73fa7cd4efd6b404f36a4d4da37aa"}
,"D:\\Projects\\mini-job-board\\mini-job-board\\src\\store\\index.js": {"path":"D:\\Projects\\mini-job-board\\mini-job-board\\src\\store\\index.js","statementMap":{"0":{"start":{"line":5,"column":14},"end":{"line":9,"column":2}}},"fnMap":{},"branchMap":{},"s":{"0":1},"f":{},"b":{},"_coverageSchema":"1a1c01bbd47fc00a2c39e90264f33305004495a9","hash":"758885fb66303c4cf57f2860ec378a5c6cba5d67"}
,"D:\\Projects\\mini-job-board\\mini-job-board\\src\\store\\data\\jobs.js": {"path":"D:\\Projects\\mini-job-board\\mini-job-board\\src\\store\\data\\jobs.js","statementMap":{"0":{"start":{"line":1,"column":17},"end":{"line":138,"column":1}},"1":{"start":{"line":141,"column":13},"end":{"line":141,"column":26}},"2":{"start":{"line":142,"column":0},"end":{"line":149,"column":1}},"3":{"start":{"line":142,"column":13},"end":{"line":142,"column":32}},"4":{"start":{"line":143,"column":19},"end":{"line":143,"column":54}},"5":{"start":{"line":144,"column":2},"end":{"line":148,"column":5}}},"fnMap":{},"branchMap":{},"s":{"0":6,"1":6,"2":6,"3":6,"4":552,"5":552},"f":{},"b":{},"_coverageSchema":"1a1c01bbd47fc00a2c39e90264f33305004495a9","hash":"29a0b5877974149db71b46ff9d91e9f4fb32f95a"}
,"D:\\Projects\\mini-job-board\\mini-job-board\\src\\store\\features\\jobs\\jobsSlice.js": {"path":"D:\\Projects\\mini-job-board\\mini-job-board\\src\\store\\features\\jobs\\jobsSlice.js","statementMap":{"0":{"start":{"line":5,"column":25},"end":{"line":10,"column":2}},"1":{"start":{"line":7,"column":2},"end":{"line":9,"column":5}},"2":{"start":{"line":8,"column":4},"end":{"line":8,"column":45}},"3":{"start":{"line":8,"column":21},"end":{"line":8,"column":38}},"4":{"start":{"line":12,"column":21},"end":{"line":19,"column":1}},"5":{"start":{"line":21,"column":18},"end":{"line":59,"column":2}},"6":{"start":{"line":27,"column":6},"end":{"line":27,"column":34}},"7":{"start":{"line":28,"column":6},"end":{"line":28,"column":33}},"8":{"start":{"line":29,"column":6},"end":{"line":29,"column":25}},"9":{"start":{"line":32,"column":6},"end":{"line":32,"column":38}},"10":{"start":{"line":35,"column":6},"end":{"line":35,"column":41}},"11":{"start":{"line":36,"column":6},"end":{"line":36,"column":28}},"12":{"start":{"line":39,"column":6},"end":{"line":39,"column":29}},"13":{"start":{"line":42,"column":6},"end":{"line":42,"column":28}},"14":{"start":{"line":46,"column":4},"end":{"line":57,"column":9}},"15":{"start":{"line":48,"column":8},"end":{"line":48,"column":33}},"16":{"start":{"line":51,"column":8},"end":{"line":51,"column":35}},"17":{"start":{"line":52,"column":8},"end":{"line":52,"column":36}},"18":{"start":{"line":55,"column":8},"end":{"line":55,"column":32}},"19":{"start":{"line":56,"column":8},"end":{"line":56,"column":43}},"20":{"start":{"line":61,"column":77},"end":{"line":61,"column":94}},"21":{"start":{"line":64,"column":29},"end":{"line":64,"column":55}},"22":{"start":{"line":64,"column":40},"end":{"line":64,"column":55}},"23":{"start":{"line":65,"column":32},"end":{"line":65,"column":60}},"24":{"start":{"line":65,"column":43},"end":{"line":65,"column":60}},"25":{"start":{"line":66,"column":33},"end":{"line":66,"column":66}},"26":{"start":{"line":66,"column":44},"end":{"line":66,"column":66}},"27":{"start":{"line":67,"column":33},"end":{"line":67,"column":66}},"28":{"start":{"line":67,"column":44},"end":{"line":67,"column":66}},"29":{"start":{"line":68,"column":34},"end":{"line":68,"column":68}},"30":{"start":{"line":68,"column":45},"end":{"line":68,"column":68}}},"fnMap":{"0":{"name":"(anonymous_0)","decl":{"start":{"line":5,"column":60},"end":{"line":5,"column":61}},"loc":{"start":{"line":5,"column":72},"end":{"line":10,"column":1}},"line":5},"1":{"name":"(anonymous_1)","decl":{"start":{"line":7,"column":21},"end":{"line":7,"column":22}},"loc":{"start":{"line":7,"column":34},"end":{"line":9,"column":3}},"line":7},"2":{"name":"(anonymous_2)","decl":{"start":{"line":8,"column":15},"end":{"line":8,"column":16}},"loc":{"start":{"line":8,"column":21},"end":{"line":8,"column":38}},"line":8},"3":{"name":"(anonymous_3)","decl":{"start":{"line":26,"column":13},"end":{"line":26,"column":14}},"loc":{"start":{"line":26,"column":32},"end":{"line":30,"column":5}},"line":26},"4":{"name":"(anonymous_4)","decl":{"start":{"line":31,"column":12},"end":{"line":31,"column":13}},"loc":{"start":{"line":31,"column":31},"end":{"line":33,"column":5}},"line":31},"5":{"name":"(anonymous_5)","decl":{"start":{"line":34,"column":20},"end":{"line":34,"column":21}},"loc":{"start":{"line":34,"column":39},"end":{"line":37,"column":5}},"line":34},"6":{"name":"(anonymous_6)","decl":{"start":{"line":38,"column":19},"end":{"line":38,"column":20}},"loc":{"start":{"line":38,"column":30},"end":{"line":40,"column":5}},"line":38},"7":{"name":"(anonymous_7)","decl":{"start":{"line":41,"column":15},"end":{"line":41,"column":16}},"loc":{"start":{"line":41,"column":26},"end":{"line":43,"column":5}},"line":41},"8":{"name":"(anonymous_8)","decl":{"start":{"line":45,"column":17},"end":{"line":45,"column":18}},"loc":{"start":{"line":45,"column":30},"end":{"line":58,"column":3}},"line":45},"9":{"name":"(anonymous_9)","decl":{"start":{"line":47,"column":34},"end":{"line":47,"column":35}},"loc":{"start":{"line":47,"column":45},"end":{"line":49,"column":7}},"line":47},"10":{"name":"(anonymous_10)","decl":{"start":{"line":50,"column":36},"end":{"line":50,"column":37}},"loc":{"start":{"line":50,"column":55},"end":{"line":53,"column":7}},"line":50},"11":{"name":"(anonymous_11)","decl":{"start":{"line":54,"column":35},"end":{"line":54,"column":36}},"loc":{"start":{"line":54,"column":54},"end":{"line":57,"column":7}},"line":54},"12":{"name":"(anonymous_12)","decl":{"start":{"line":64,"column":29},"end":{"line":64,"column":30}},"loc":{"start":{"line":64,"column":40},"end":{"line":64,"column":55}},"line":64},"13":{"name":"(anonymous_13)","decl":{"start":{"line":65,"column":32},"end":{"line":65,"column":33}},"loc":{"start":{"line":65,"column":43},"end":{"line":65,"column":60}},"line":65},"14":{"name":"(anonymous_14)","decl":{"start":{"line":66,"column":33},"end":{"line":66,"column":34}},"loc":{"start":{"line":66,"column":44},"end":{"line":66,"column":66}},"line":66},"15":{"name":"(anonymous_15)","decl":{"start":{"line":67,"column":33},"end":{"line":67,"column":34}},"loc":{"start":{"line":67,"column":44},"end":{"line":67,"column":66}},"line":67},"16":{"name":"(anonymous_16)","decl":{"start":{"line":68,"column":34},"end":{"line":68,"column":35}},"loc":{"start":{"line":68,"column":45},"end":{"line":68,"column":68}},"line":68}},"branchMap":{},"s":{"0":5,"1":1,"2":1,"3":0,"4":5,"5":5,"6":2,"7":2,"8":2,"9":1,"10":5,"11":5,"12":1,"13":1,"14":5,"15":2,"16":1,"17":1,"18":1,"19":1,"20":5,"21":5,"22":10,"23":5,"24":35,"25":5,"26":1,"27":5,"28":26,"29":5,"30":26},"f":{"0":1,"1":1,"2":0,"3":2,"4":1,"5":5,"6":1,"7":1,"8":5,"9":2,"10":1,"11":1,"12":10,"13":35,"14":1,"15":26,"16":26},"b":{},"_coverageSchema":"1a1c01bbd47fc00a2c39e90264f33305004495a9","hash":"3f4f3cef46534b946e1fffbe7ca099cdea9b4690"}
}
