TN:
SF:src\App.js
FN:11,App
FN:18,(anonymous_1)
FN:22,(anonymous_2)
FNF:3
FNH:2
FNDA:8,App
FNDA:1,(anonymous_1)
FNDA:0,(anonymous_2)
DA:12,8
DA:15,7
DA:16,7
DA:18,7
DA:19,1
DA:22,7
DA:23,0
DA:26,7
LF:8
LH:7
BRDA:36,0,0,7
BRDA:36,0,1,2
BRF:2
BRH:2
end_of_record
TN:
SF:src\components\JobCard\JobCard.js
FN:4,(anonymous_0)
FN:5,(anonymous_1)
FN:11,(anonymous_2)
FNF:3
FNH:3
FNDA:37,(anonymous_0)
FNDA:37,(anonymous_1)
FNDA:3,(anonymous_2)
DA:4,3
DA:5,37
DA:6,37
DA:7,37
DA:10,37
DA:11,3
LF:6
LH:6
BRF:0
BRH:0
end_of_record
TN:
SF:src\components\JobDetails\JobDetail.js
FN:4,(anonymous_0)
FN:7,(anonymous_1)
FN:36,(anonymous_2)
FNF:3
FNH:3
FNDA:5,(anonymous_0)
FNDA:4,(anonymous_1)
FNDA:6,(anonymous_2)
DA:4,2
DA:5,5
DA:7,4
DA:8,4
DA:9,4
DA:12,4
DA:37,6
LF:7
LH:7
BRDA:5,0,0,1
BRDA:5,0,1,4
BRF:2
BRH:2
end_of_record
TN:
SF:src\components\JobList\JobList.js
FN:7,(anonymous_0)
FN:9,(anonymous_1)
FN:17,(anonymous_2)
FN:30,(anonymous_3)
FN:33,(anonymous_4)
FN:35,(anonymous_5)
FN:40,(anonymous_6)
FN:44,(anonymous_7)
FN:48,(anonymous_8)
FN:57,(anonymous_9)
FN:64,(anonymous_10)
FN:66,(anonymous_11)
FN:72,(anonymous_12)
FN:75,(anonymous_13)
FN:77,(anonymous_14)
FN:83,(anonymous_15)
FN:119,(anonymous_16)
FN:134,(anonymous_17)
FN:154,(anonymous_18)
FNF:19
FNH:16
FNDA:34,(anonymous_0)
FNDA:47,(anonymous_1)
FNDA:13,(anonymous_2)
FNDA:40,(anonymous_3)
FNDA:40,(anonymous_4)
FNDA:16,(anonymous_5)
FNDA:4,(anonymous_6)
FNDA:2,(anonymous_7)
FNDA:2,(anonymous_8)
FNDA:0,(anonymous_9)
FNDA:12,(anonymous_10)
FNDA:0,(anonymous_11)
FNDA:0,(anonymous_12)
FNDA:3,(anonymous_13)
FNDA:3,(anonymous_14)
FNDA:1,(anonymous_15)
FNDA:40,(anonymous_16)
FNDA:40,(anonymous_17)
FNDA:35,(anonymous_18)
DA:7,2
DA:8,34
DA:9,47
DA:10,34
DA:11,34
DA:12,34
DA:15,34
DA:17,34
DA:18,13
DA:19,1
DA:24,34
DA:30,40
DA:33,40
DA:35,34
DA:37,16
DA:39,16
DA:40,4
DA:43,16
DA:44,2
DA:47,16
DA:48,2
DA:50,16
DA:54,34
DA:55,34
DA:57,34
DA:58,0
DA:59,0
DA:64,34
DA:65,12
DA:66,0
DA:67,0
DA:68,0
DA:71,0
DA:72,0
DA:75,34
DA:76,3
DA:77,3
DA:83,34
DA:84,1
DA:90,34
DA:91,5
DA:101,29
DA:102,2
DA:105,27
DA:120,40
DA:135,40
DA:155,35
LF:47
LH:40
BRDA:18,0,0,1
BRDA:18,0,1,12
BRDA:39,1,0,2
BRDA:39,1,1,14
BRDA:43,2,0,1
BRDA:43,2,1,15
BRDA:47,3,0,1
BRDA:47,3,1,15
BRDA:58,4,0,0
BRDA:58,4,1,0
BRDA:65,5,0,12
BRDA:65,5,1,0
BRDA:67,6,0,0
BRDA:67,6,1,0
BRDA:90,7,0,5
BRDA:90,7,1,29
BRDA:101,8,0,2
BRDA:101,8,1,27
BRDA:148,9,0,5
BRDA:148,9,1,22
BRF:20
BRH:15
end_of_record
TN:
SF:src\components\SearchBar\SearchBar.js
FN:5,(anonymous_0)
FN:9,(anonymous_1)
FN:29,(anonymous_2)
FNF:3
FNH:3
FNDA:15,(anonymous_0)
FNDA:4,(anonymous_1)
FNDA:1,(anonymous_2)
DA:5,2
DA:6,15
DA:7,15
DA:9,15
DA:10,4
DA:11,4
DA:12,4
DA:15,15
DA:29,1
LF:9
LH:9
BRDA:24,0,0,15
BRDA:24,0,1,3
BRF:2
BRH:2
end_of_record
TN:
SF:src\store\index.js
FNF:0
FNH:0
DA:5,1
LF:1
LH:1
BRF:0
BRH:0
end_of_record
TN:
SF:src\store\data\jobs.js
FNF:0
FNH:0
DA:1,6
DA:141,6
DA:142,6
DA:143,552
DA:144,552
LF:5
LH:5
BRF:0
BRH:0
end_of_record
TN:
SF:src\store\features\jobs\jobsSlice.js
FN:5,(anonymous_0)
FN:7,(anonymous_1)
FN:8,(anonymous_2)
FN:26,(anonymous_3)
FN:31,(anonymous_4)
FN:34,(anonymous_5)
FN:38,(anonymous_6)
FN:41,(anonymous_7)
FN:45,(anonymous_8)
FN:47,(anonymous_9)
FN:50,(anonymous_10)
FN:54,(anonymous_11)
FN:64,(anonymous_12)
FN:65,(anonymous_13)
FN:66,(anonymous_14)
FN:67,(anonymous_15)
FN:68,(anonymous_16)
FNF:17
FNH:16
FNDA:1,(anonymous_0)
FNDA:1,(anonymous_1)
FNDA:0,(anonymous_2)
FNDA:2,(anonymous_3)
FNDA:1,(anonymous_4)
FNDA:5,(anonymous_5)
FNDA:1,(anonymous_6)
FNDA:1,(anonymous_7)
FNDA:5,(anonymous_8)
FNDA:2,(anonymous_9)
FNDA:1,(anonymous_10)
FNDA:1,(anonymous_11)
FNDA:10,(anonymous_12)
FNDA:35,(anonymous_13)
FNDA:1,(anonymous_14)
FNDA:26,(anonymous_15)
FNDA:26,(anonymous_16)
DA:5,5
DA:7,1
DA:8,1
DA:12,5
DA:21,5
DA:27,2
DA:28,2
DA:29,2
DA:32,1
DA:35,5
DA:36,5
DA:39,1
DA:42,1
DA:46,5
DA:48,2
DA:51,1
DA:52,1
DA:55,1
DA:56,1
DA:61,5
DA:64,10
DA:65,35
DA:66,5
DA:67,26
DA:68,26
LF:25
LH:25
BRF:0
BRH:0
end_of_record
